2019-08-29 19:09:52.793 DEBUG 14980 --- [main] o.s.w.c.s.StandardServletEnvironment     : Adding PropertySource 'configurationProperties' with highest search precedence
2019-08-29 19:09:52.820 DEBUG 14980 --- [main] o.s.w.c.s.StandardServletEnvironment     : Adding PropertySource 'servletConfigInitParams' with lowest search precedence
2019-08-29 19:09:52.820 DEBUG 14980 --- [main] o.s.w.c.s.StandardServletEnvironment     : Adding PropertySource 'servletContextInitParams' with lowest search precedence
2019-08-29 19:09:52.820 DEBUG 14980 --- [main] o.s.w.c.s.StandardServletEnvironment     : Adding PropertySource 'systemProperties' with lowest search precedence
2019-08-29 19:09:52.821 DEBUG 14980 --- [main] o.s.w.c.s.StandardServletEnvironment     : Adding PropertySource 'systemEnvironment' with lowest search precedence
2019-08-29 19:09:52.821 DEBUG 14980 --- [main] o.s.w.c.s.StandardServletEnvironment     : Initialized StandardServletEnvironment with PropertySources [StubPropertySource {name='servletConfigInitParams'}, StubPropertySource {name='servletContextInitParams'}, MapPropertySource {name='systemProperties'}, SystemEnvironmentPropertySource {name='systemEnvironment'}]
2019-08-29 19:09:52.868  INFO 14980 --- [main] tws.Application                          : Starting Application on LAPTOP-8TLEA6AN with PID 14980 (E:\thought_git\API\Mybatis\java_persistence_practice_entity_relationship-2019-8-26-2-4-50-303\out\production\classes started by user in E:\thought_git\API\Mybatis\java_persistence_practice_entity_relationship-2019-8-26-2-4-50-303)
2019-08-29 19:09:52.869  INFO 14980 --- [main] tws.Application                          : No active profile set, falling back to default profiles: default
2019-08-29 19:09:52.912  INFO 14980 --- [main] ConfigServletWebServerApplicationContext : Refreshing org.springframework.boot.web.servlet.context.AnnotationConfigServletWebServerApplicationContext@79e2c065: startup date [Thu Aug 29 19:09:52 CST 2019]; root of context hierarchy
2019-08-29 19:09:53.412  WARN 14980 --- [main] o.m.s.mapper.ClassPathMapperScanner      : No MyBatis mapper was found in '[tws]' package. Please check your configuration.
2019-08-29 19:09:53.500 DEBUG 14980 --- [main] o.s.w.c.s.StandardServletEnvironment     : Removing PropertySource 'defaultProperties'
2019-08-29 19:09:53.747  INFO 14980 --- [main] o.s.b.w.embedded.tomcat.TomcatWebServer  : Tomcat initialized with port(s): 8080 (http)
2019-08-29 19:09:53.762  INFO 14980 --- [main] o.apache.catalina.core.StandardService   : Starting service [Tomcat]
2019-08-29 19:09:53.763  INFO 14980 --- [main] org.apache.catalina.core.StandardEngine  : Starting Servlet Engine: Apache Tomcat/8.5.31
2019-08-29 19:09:53.766  INFO 14980 --- [localhost-startStop-1] o.a.catalina.core.AprLifecycleListener   : The APR based Apache Tomcat Native library which allows optimal performance in production environments was not found on the java.library.path: [D:\Java\jdk1.8.0_181\bin;C:\Windows\Sun\Java\bin;C:\Windows\system32;C:\Windows;C:\Program Files (x86)\Common Files\Oracle\Java\javapath;C:\Windows\system32;C:\Windows;C:\Windows\System32\Wbem;C:\Windows\System32\WindowsPowerShell\v1.0\;C:\Windows\System32\OpenSSH\;C:\Program Files\Intel\WiFi\bin\;C:\Program Files\Common Files\Intel\WirelessCommon\;C:\Program Files (x86)\NVIDIA Corporation\PhysX\Common;C:\Program Files\NVIDIA Corporation\NVIDIA NvDLISR;D:\Java\jdk1.8.0_181\bin;D:\Java\jdk1.8.0_181\jre\bin;D:\Git\cmd;D:\gradle-5.4.1\bin;D:\nodejs\;C:\Users\user\AppData\Local\Microsoft\WindowsApps;C:\Users\user\AppData\Roaming\npm;D:\Microsoft VS Code\bin;.]
2019-08-29 19:09:53.825  INFO 14980 --- [localhost-startStop-1] o.a.c.c.C.[Tomcat].[localhost].[/]       : Initializing Spring embedded WebApplicationContext
2019-08-29 19:09:53.825 DEBUG 14980 --- [localhost-startStop-1] o.s.web.context.ContextLoader            : Published root WebApplicationContext as ServletContext attribute with name [org.springframework.web.context.WebApplicationContext.ROOT]
2019-08-29 19:09:53.825  INFO 14980 --- [localhost-startStop-1] o.s.web.context.ContextLoader            : Root WebApplicationContext: initialization completed in 913 ms
2019-08-29 19:09:53.910  INFO 14980 --- [localhost-startStop-1] o.s.b.w.servlet.ServletRegistrationBean  : Servlet dispatcherServlet mapped to [/]
2019-08-29 19:09:53.911  INFO 14980 --- [localhost-startStop-1] o.s.b.w.servlet.ServletRegistrationBean  : Servlet webServlet mapped to [/h2-console/*]
2019-08-29 19:09:53.913  INFO 14980 --- [localhost-startStop-1] o.s.b.w.servlet.FilterRegistrationBean   : Mapping filter: 'characterEncodingFilter' to: [/*]
2019-08-29 19:09:53.913  INFO 14980 --- [localhost-startStop-1] o.s.b.w.servlet.FilterRegistrationBean   : Mapping filter: 'hiddenHttpMethodFilter' to: [/*]
2019-08-29 19:09:53.913  INFO 14980 --- [localhost-startStop-1] o.s.b.w.servlet.FilterRegistrationBean   : Mapping filter: 'httpPutFormContentFilter' to: [/*]
2019-08-29 19:09:53.914  INFO 14980 --- [localhost-startStop-1] o.s.b.w.servlet.FilterRegistrationBean   : Mapping filter: 'requestContextFilter' to: [/*]
2019-08-29 19:09:53.926 DEBUG 14980 --- [main] o.s.w.c.s.StandardServletEnvironment     : Replacing PropertySource 'servletContextInitParams' with 'servletContextInitParams'
2019-08-29 19:09:53.983  INFO 14980 --- [main] o.s.w.s.handler.SimpleUrlHandlerMapping  : Mapped URL path [/**/favicon.ico] onto handler of type [class org.springframework.web.servlet.resource.ResourceHttpRequestHandler]
2019-08-29 19:09:54.130  INFO 14980 --- [main] s.w.s.m.m.a.RequestMappingHandlerAdapter : Looking for @ControllerAdvice: org.springframework.boot.web.servlet.context.AnnotationConfigServletWebServerApplicationContext@79e2c065: startup date [Thu Aug 29 19:09:52 CST 2019]; root of context hierarchy
2019-08-29 19:09:54.158 DEBUG 14980 --- [main] s.w.s.m.m.a.RequestMappingHandlerMapping : Looking for request mappings in application context: org.springframework.boot.web.servlet.context.AnnotationConfigServletWebServerApplicationContext@79e2c065: startup date [Thu Aug 29 19:09:52 CST 2019]; root of context hierarchy
2019-08-29 19:09:54.165 DEBUG 14980 --- [main] s.w.s.m.m.a.RequestMappingHandlerMapping : 2 request handler methods found on class org.springframework.boot.autoconfigure.web.servlet.error.BasicErrorController: {public org.springframework.http.ResponseEntity org.springframework.boot.autoconfigure.web.servlet.error.BasicErrorController.error(javax.servlet.http.HttpServletRequest)={[/error]}, public org.springframework.web.servlet.ModelAndView org.springframework.boot.autoconfigure.web.servlet.error.BasicErrorController.errorHtml(javax.servlet.http.HttpServletRequest,javax.servlet.http.HttpServletResponse)={[/error],produces=[text/html]}}
2019-08-29 19:09:54.166  INFO 14980 --- [main] s.w.s.m.m.a.RequestMappingHandlerMapping : Mapped "{[/error]}" onto public org.springframework.http.ResponseEntity<java.util.Map<java.lang.String, java.lang.Object>> org.springframework.boot.autoconfigure.web.servlet.error.BasicErrorController.error(javax.servlet.http.HttpServletRequest)
2019-08-29 19:09:54.167  INFO 14980 --- [main] s.w.s.m.m.a.RequestMappingHandlerMapping : Mapped "{[/error],produces=[text/html]}" onto public org.springframework.web.servlet.ModelAndView org.springframework.boot.autoconfigure.web.servlet.error.BasicErrorController.errorHtml(javax.servlet.http.HttpServletRequest,javax.servlet.http.HttpServletResponse)
2019-08-29 19:09:54.179 DEBUG 14980 --- [main] o.s.w.s.h.BeanNameUrlHandlerMapping      : Looking for URL mappings in application context: org.springframework.boot.web.servlet.context.AnnotationConfigServletWebServerApplicationContext@79e2c065: startup date [Thu Aug 29 19:09:52 CST 2019]; root of context hierarchy
2019-08-29 19:09:54.179 DEBUG 14980 --- [main] o.s.w.s.h.BeanNameUrlHandlerMapping      : Rejected bean name 'org.springframework.context.annotation.internalConfigurationAnnotationProcessor': no URL paths identified
2019-08-29 19:09:54.179 DEBUG 14980 --- [main] o.s.w.s.h.BeanNameUrlHandlerMapping      : Rejected bean name 'org.springframework.context.annotation.internalAutowiredAnnotationProcessor': no URL paths identified
2019-08-29 19:09:54.180 DEBUG 14980 --- [main] o.s.w.s.h.BeanNameUrlHandlerMapping      : Rejected bean name 'org.springframework.context.annotation.internalRequiredAnnotationProcessor': no URL paths identified
2019-08-29 19:09:54.180 DEBUG 14980 --- [main] o.s.w.s.h.BeanNameUrlHandlerMapping      : Rejected bean name 'org.springframework.context.annotation.internalCommonAnnotationProcessor': no URL paths identified
2019-08-29 19:09:54.180 DEBUG 14980 --- [main] o.s.w.s.h.BeanNameUrlHandlerMapping      : Rejected bean name 'org.springframework.context.event.internalEventListenerProcessor': no URL paths identified
2019-08-29 19:09:54.180 DEBUG 14980 --- [main] o.s.w.s.h.BeanNameUrlHandlerMapping      : Rejected bean name 'org.springframework.context.event.internalEventListenerFactory': no URL paths identified
2019-08-29 19:09:54.180 DEBUG 14980 --- [main] o.s.w.s.h.BeanNameUrlHandlerMapping      : Rejected bean name 'application': no URL paths identified
2019-08-29 19:09:54.180 DEBUG 14980 --- [main] o.s.w.s.h.BeanNameUrlHandlerMapping      : Rejected bean name 'org.springframework.boot.autoconfigure.internalCachingMetadataReaderFactory': no URL paths identified
2019-08-29 19:09:54.180 DEBUG 14980 --- [main] o.s.w.s.h.BeanNameUrlHandlerMapping      : Rejected bean name 'org.springframework.boot.autoconfigure.AutoConfigurationPackages': no URL paths identified
2019-08-29 19:09:54.180 DEBUG 14980 --- [main] o.s.w.s.h.BeanNameUrlHandlerMapping      : Rejected bean name 'org.springframework.boot.autoconfigure.context.PropertyPlaceholderAutoConfiguration': no URL paths identified
2019-08-29 19:09:54.180 DEBUG 14980 --- [main] o.s.w.s.h.BeanNameUrlHandlerMapping      : Rejected bean name 'org.springframework.boot.autoconfigure.condition.BeanTypeRegistry': no URL paths identified
2019-08-29 19:09:54.180 DEBUG 14980 --- [main] o.s.w.s.h.BeanNameUrlHandlerMapping      : Rejected bean name 'propertySourcesPlaceholderConfigurer': no URL paths identified
2019-08-29 19:09:54.180 DEBUG 14980 --- [main] o.s.w.s.h.BeanNameUrlHandlerMapping      : Rejected bean name 'org.springframework.boot.autoconfigure.websocket.servlet.WebSocketServletAutoConfiguration$TomcatWebSocketConfiguration': no URL paths identified
2019-08-29 19:09:54.180 DEBUG 14980 --- [main] o.s.w.s.h.BeanNameUrlHandlerMapping      : Rejected bean name 'websocketContainerCustomizer': no URL paths identified
2019-08-29 19:09:54.180 DEBUG 14980 --- [main] o.s.w.s.h.BeanNameUrlHandlerMapping      : Rejected bean name 'org.springframework.boot.autoconfigure.websocket.servlet.WebSocketServletAutoConfiguration': no URL paths identified
2019-08-29 19:09:54.180 DEBUG 14980 --- [main] o.s.w.s.h.BeanNameUrlHandlerMapping      : Rejected bean name 'org.springframework.boot.autoconfigure.web.servlet.ServletWebServerFactoryConfiguration$EmbeddedTomcat': no URL paths identified
2019-08-29 19:09:54.180 DEBUG 14980 --- [main] o.s.w.s.h.BeanNameUrlHandlerMapping      : Rejected bean name 'tomcatServletWebServerFactory': no URL paths identified
2019-08-29 19:09:54.180 DEBUG 14980 --- [main] o.s.w.s.h.BeanNameUrlHandlerMapping      : Rejected bean name 'org.springframework.boot.autoconfigure.web.servlet.ServletWebServerFactoryAutoConfiguration': no URL paths identified
2019-08-29 19:09:54.180 DEBUG 14980 --- [main] o.s.w.s.h.BeanNameUrlHandlerMapping      : Rejected bean name 'servletWebServerFactoryCustomizer': no URL paths identified
2019-08-29 19:09:54.180 DEBUG 14980 --- [main] o.s.w.s.h.BeanNameUrlHandlerMapping      : Rejected bean name 'tomcatServletWebServerFactoryCustomizer': no URL paths identified
2019-08-29 19:09:54.180 DEBUG 14980 --- [main] o.s.w.s.h.BeanNameUrlHandlerMapping      : Rejected bean name 'server-org.springframework.boot.autoconfigure.web.ServerProperties': no URL paths identified
2019-08-29 19:09:54.181 DEBUG 14980 --- [main] o.s.w.s.h.BeanNameUrlHandlerMapping      : Rejected bean name 'org.springframework.boot.context.properties.ConfigurationPropertiesBindingPostProcessor': no URL paths identified
2019-08-29 19:09:54.181 DEBUG 14980 --- [main] o.s.w.s.h.BeanNameUrlHandlerMapping      : Rejected bean name 'org.springframework.boot.context.properties.ConfigurationBeanFactoryMetadata': no URL paths identified
2019-08-29 19:09:54.181 DEBUG 14980 --- [main] o.s.w.s.h.BeanNameUrlHandlerMapping      : Rejected bean name 'webServerFactoryCustomizerBeanPostProcessor': no URL paths identified
2019-08-29 19:09:54.181 DEBUG 14980 --- [main] o.s.w.s.h.BeanNameUrlHandlerMapping      : Rejected bean name 'errorPageRegistrarBeanPostProcessor': no URL paths identified
2019-08-29 19:09:54.181 DEBUG 14980 --- [main] o.s.w.s.h.BeanNameUrlHandlerMapping      : Rejected bean name 'org.springframework.boot.autoconfigure.web.servlet.DispatcherServletAutoConfiguration$DispatcherServletConfiguration': no URL paths identified
2019-08-29 19:09:54.181 DEBUG 14980 --- [main] o.s.w.s.h.BeanNameUrlHandlerMapping      : Rejected bean name 'dispatcherServlet': no URL paths identified
2019-08-29 19:09:54.181 DEBUG 14980 --- [main] o.s.w.s.h.BeanNameUrlHandlerMapping      : Rejected bean name 'mainDispatcherServletPathProvider': no URL paths identified
2019-08-29 19:09:54.181 DEBUG 14980 --- [main] o.s.w.s.h.BeanNameUrlHandlerMapping      : Rejected bean name 'spring.mvc-org.springframework.boot.autoconfigure.web.servlet.WebMvcProperties': no URL paths identified
2019-08-29 19:09:54.181 DEBUG 14980 --- [main] o.s.w.s.h.BeanNameUrlHandlerMapping      : Rejected bean name 'org.springframework.boot.autoconfigure.web.servlet.DispatcherServletAutoConfiguration$DispatcherServletRegistrationConfiguration': no URL paths identified
2019-08-29 19:09:54.181 DEBUG 14980 --- [main] o.s.w.s.h.BeanNameUrlHandlerMapping      : Rejected bean name 'dispatcherServletRegistration': no URL paths identified
2019-08-29 19:09:54.181 DEBUG 14980 --- [main] o.s.w.s.h.BeanNameUrlHandlerMapping      : Rejected bean name 'org.springframework.boot.autoconfigure.web.servlet.DispatcherServletAutoConfiguration': no URL paths identified
2019-08-29 19:09:54.181 DEBUG 14980 --- [main] o.s.w.s.h.BeanNameUrlHandlerMapping      : Rejected bean name 'org.springframework.boot.autoconfigure.validation.ValidationAutoConfiguration': no URL paths identified
2019-08-29 19:09:54.181 DEBUG 14980 --- [main] o.s.w.s.h.BeanNameUrlHandlerMapping      : Rejected bean name 'defaultValidator': no URL paths identified
2019-08-29 19:09:54.181 DEBUG 14980 --- [main] o.s.w.s.h.BeanNameUrlHandlerMapping      : Rejected bean name 'methodValidationPostProcessor': no URL paths identified
2019-08-29 19:09:54.181 DEBUG 14980 --- [main] o.s.w.s.h.BeanNameUrlHandlerMapping      : Rejected bean name 'org.springframework.boot.autoconfigure.web.servlet.error.ErrorMvcAutoConfiguration$WhitelabelErrorViewConfiguration': no URL paths identified
2019-08-29 19:09:54.181 DEBUG 14980 --- [main] o.s.w.s.h.BeanNameUrlHandlerMapping      : Rejected bean name 'error': no URL paths identified
2019-08-29 19:09:54.181 DEBUG 14980 --- [main] o.s.w.s.h.BeanNameUrlHandlerMapping      : Rejected bean name 'beanNameViewResolver': no URL paths identified
2019-08-29 19:09:54.181 DEBUG 14980 --- [main] o.s.w.s.h.BeanNameUrlHandlerMapping      : Rejected bean name 'org.springframework.boot.autoconfigure.web.servlet.error.ErrorMvcAutoConfiguration$DefaultErrorViewResolverConfiguration': no URL paths identified
2019-08-29 19:09:54.181 DEBUG 14980 --- [main] o.s.w.s.h.BeanNameUrlHandlerMapping      : Rejected bean name 'conventionErrorViewResolver': no URL paths identified
2019-08-29 19:09:54.181 DEBUG 14980 --- [main] o.s.w.s.h.BeanNameUrlHandlerMapping      : Rejected bean name 'org.springframework.boot.autoconfigure.web.servlet.error.ErrorMvcAutoConfiguration': no URL paths identified
2019-08-29 19:09:54.182 DEBUG 14980 --- [main] o.s.w.s.h.BeanNameUrlHandlerMapping      : Rejected bean name 'errorAttributes': no URL paths identified
2019-08-29 19:09:54.182 DEBUG 14980 --- [main] o.s.w.s.h.BeanNameUrlHandlerMapping      : Rejected bean name 'basicErrorController': no URL paths identified
2019-08-29 19:09:54.182 DEBUG 14980 --- [main] o.s.w.s.h.BeanNameUrlHandlerMapping      : Rejected bean name 'errorPageCustomizer': no URL paths identified
2019-08-29 19:09:54.182 DEBUG 14980 --- [main] o.s.w.s.h.BeanNameUrlHandlerMapping      : Rejected bean name 'preserveErrorControllerTargetClassPostProcessor': no URL paths identified
2019-08-29 19:09:54.182 DEBUG 14980 --- [main] o.s.w.s.h.BeanNameUrlHandlerMapping      : Rejected bean name 'spring.resources-org.springframework.boot.autoconfigure.web.ResourceProperties': no URL paths identified
2019-08-29 19:09:54.182 DEBUG 14980 --- [main] o.s.w.s.h.BeanNameUrlHandlerMapping      : Rejected bean name 'org.springframework.boot.autoconfigure.web.servlet.WebMvcAutoConfiguration$WebMvcAutoConfigurationAdapter$FaviconConfiguration': no URL paths identified
2019-08-29 19:09:54.182 DEBUG 14980 --- [main] o.s.w.s.h.BeanNameUrlHandlerMapping      : Rejected bean name 'faviconHandlerMapping': no URL paths identified
2019-08-29 19:09:54.182 DEBUG 14980 --- [main] o.s.w.s.h.BeanNameUrlHandlerMapping      : Rejected bean name 'faviconRequestHandler': no URL paths identified
2019-08-29 19:09:54.182 DEBUG 14980 --- [main] o.s.w.s.h.BeanNameUrlHandlerMapping      : Rejected bean name 'org.springframework.boot.autoconfigure.web.servlet.WebMvcAutoConfiguration$EnableWebMvcConfiguration': no URL paths identified
2019-08-29 19:09:54.182 DEBUG 14980 --- [main] o.s.w.s.h.BeanNameUrlHandlerMapping      : Rejected bean name 'requestMappingHandlerAdapter': no URL paths identified
2019-08-29 19:09:54.182 DEBUG 14980 --- [main] o.s.w.s.h.BeanNameUrlHandlerMapping      : Rejected bean name 'requestMappingHandlerMapping': no URL paths identified
2019-08-29 19:09:54.182 DEBUG 14980 --- [main] o.s.w.s.h.BeanNameUrlHandlerMapping      : Rejected bean name 'mvcConversionService': no URL paths identified
2019-08-29 19:09:54.182 DEBUG 14980 --- [main] o.s.w.s.h.BeanNameUrlHandlerMapping      : Rejected bean name 'mvcValidator': no URL paths identified
2019-08-29 19:09:54.182 DEBUG 14980 --- [main] o.s.w.s.h.BeanNameUrlHandlerMapping      : Rejected bean name 'mvcContentNegotiationManager': no URL paths identified
2019-08-29 19:09:54.182 DEBUG 14980 --- [main] o.s.w.s.h.BeanNameUrlHandlerMapping      : Rejected bean name 'mvcPathMatcher': no URL paths identified
2019-08-29 19:09:54.182 DEBUG 14980 --- [main] o.s.w.s.h.BeanNameUrlHandlerMapping      : Rejected bean name 'mvcUrlPathHelper': no URL paths identified
2019-08-29 19:09:54.183 DEBUG 14980 --- [main] o.s.w.s.h.BeanNameUrlHandlerMapping      : Rejected bean name 'viewControllerHandlerMapping': no URL paths identified
2019-08-29 19:09:54.183 DEBUG 14980 --- [main] o.s.w.s.h.BeanNameUrlHandlerMapping      : Rejected bean name 'beanNameHandlerMapping': no URL paths identified
2019-08-29 19:09:54.183 DEBUG 14980 --- [main] o.s.w.s.h.BeanNameUrlHandlerMapping      : Rejected bean name 'resourceHandlerMapping': no URL paths identified
2019-08-29 19:09:54.183 DEBUG 14980 --- [main] o.s.w.s.h.BeanNameUrlHandlerMapping      : Rejected bean name 'mvcResourceUrlProvider': no URL paths identified
2019-08-29 19:09:54.183 DEBUG 14980 --- [main] o.s.w.s.h.BeanNameUrlHandlerMapping      : Rejected bean name 'defaultServletHandlerMapping': no URL paths identified
2019-08-29 19:09:54.183 DEBUG 14980 --- [main] o.s.w.s.h.BeanNameUrlHandlerMapping      : Rejected bean name 'mvcUriComponentsContributor': no URL paths identified
2019-08-29 19:09:54.183 DEBUG 14980 --- [main] o.s.w.s.h.BeanNameUrlHandlerMapping      : Rejected bean name 'httpRequestHandlerAdapter': no URL paths identified
2019-08-29 19:09:54.183 DEBUG 14980 --- [main] o.s.w.s.h.BeanNameUrlHandlerMapping      : Rejected bean name 'simpleControllerHandlerAdapter': no URL paths identified
2019-08-29 19:09:54.183 DEBUG 14980 --- [main] o.s.w.s.h.BeanNameUrlHandlerMapping      : Rejected bean name 'handlerExceptionResolver': no URL paths identified
2019-08-29 19:09:54.183 DEBUG 14980 --- [main] o.s.w.s.h.BeanNameUrlHandlerMapping      : Rejected bean name 'mvcViewResolver': no URL paths identified
2019-08-29 19:09:54.183 DEBUG 14980 --- [main] o.s.w.s.h.BeanNameUrlHandlerMapping      : Rejected bean name 'mvcHandlerMappingIntrospector': no URL paths identified
2019-08-29 19:09:54.183 DEBUG 14980 --- [main] o.s.w.s.h.BeanNameUrlHandlerMapping      : Rejected bean name 'org.springframework.boot.autoconfigure.web.servlet.WebMvcAutoConfiguration$WebMvcAutoConfigurationAdapter': no URL paths identified
2019-08-29 19:09:54.183 DEBUG 14980 --- [main] o.s.w.s.h.BeanNameUrlHandlerMapping      : Rejected bean name 'defaultViewResolver': no URL paths identified
2019-08-29 19:09:54.183 DEBUG 14980 --- [main] o.s.w.s.h.BeanNameUrlHandlerMapping      : Rejected bean name 'viewResolver': no URL paths identified
2019-08-29 19:09:54.183 DEBUG 14980 --- [main] o.s.w.s.h.BeanNameUrlHandlerMapping      : Rejected bean name 'welcomePageHandlerMapping': no URL paths identified
2019-08-29 19:09:54.183 DEBUG 14980 --- [main] o.s.w.s.h.BeanNameUrlHandlerMapping      : Rejected bean name 'requestContextFilter': no URL paths identified
2019-08-29 19:09:54.183 DEBUG 14980 --- [main] o.s.w.s.h.BeanNameUrlHandlerMapping      : Rejected bean name 'org.springframework.boot.autoconfigure.web.servlet.WebMvcAutoConfiguration': no URL paths identified
2019-08-29 19:09:54.183 DEBUG 14980 --- [main] o.s.w.s.h.BeanNameUrlHandlerMapping      : Rejected bean name 'hiddenHttpMethodFilter': no URL paths identified
2019-08-29 19:09:54.183 DEBUG 14980 --- [main] o.s.w.s.h.BeanNameUrlHandlerMapping      : Rejected bean name 'httpPutFormContentFilter': no URL paths identified
2019-08-29 19:09:54.183 DEBUG 14980 --- [main] o.s.w.s.h.BeanNameUrlHandlerMapping      : Rejected bean name 'org.springframework.boot.autoconfigure.jdbc.DataSourceConfiguration$Hikari': no URL paths identified
2019-08-29 19:09:54.183 DEBUG 14980 --- [main] o.s.w.s.h.BeanNameUrlHandlerMapping      : Rejected bean name 'dataSource': no URL paths identified
2019-08-29 19:09:54.183 DEBUG 14980 --- [main] o.s.w.s.h.BeanNameUrlHandlerMapping      : Rejected bean name 'org.springframework.boot.autoconfigure.jdbc.DataSourceJmxConfiguration$Hikari': no URL paths identified
2019-08-29 19:09:54.183 DEBUG 14980 --- [main] o.s.w.s.h.BeanNameUrlHandlerMapping      : Rejected bean name 'org.springframework.boot.autoconfigure.jdbc.DataSourceJmxConfiguration': no URL paths identified
2019-08-29 19:09:54.183 DEBUG 14980 --- [main] o.s.w.s.h.BeanNameUrlHandlerMapping      : Rejected bean name 'org.springframework.boot.autoconfigure.jdbc.DataSourceAutoConfiguration$PooledDataSourceConfiguration': no URL paths identified
2019-08-29 19:09:54.183 DEBUG 14980 --- [main] o.s.w.s.h.BeanNameUrlHandlerMapping      : Rejected bean name 'org.springframework.boot.autoconfigure.jdbc.metadata.DataSourcePoolMetadataProvidersConfiguration$HikariPoolDataSourceMetadataProviderConfiguration': no URL paths identified
2019-08-29 19:09:54.183 DEBUG 14980 --- [main] o.s.w.s.h.BeanNameUrlHandlerMapping      : Rejected bean name 'hikariPoolDataSourceMetadataProvider': no URL paths identified
2019-08-29 19:09:54.184 DEBUG 14980 --- [main] o.s.w.s.h.BeanNameUrlHandlerMapping      : Rejected bean name 'org.springframework.boot.autoconfigure.jdbc.metadata.DataSourcePoolMetadataProvidersConfiguration': no URL paths identified
2019-08-29 19:09:54.184 DEBUG 14980 --- [main] o.s.w.s.h.BeanNameUrlHandlerMapping      : Rejected bean name 'org.springframework.boot.autoconfigure.jdbc.DataSourceInitializerInvoker': no URL paths identified
2019-08-29 19:09:54.184 DEBUG 14980 --- [main] o.s.w.s.h.BeanNameUrlHandlerMapping      : Rejected bean name 'org.springframework.boot.autoconfigure.jdbc.DataSourceInitializationConfiguration': no URL paths identified
2019-08-29 19:09:54.184 DEBUG 14980 --- [main] o.s.w.s.h.BeanNameUrlHandlerMapping      : Rejected bean name 'dataSourceInitializerPostProcessor': no URL paths identified
2019-08-29 19:09:54.184 DEBUG 14980 --- [main] o.s.w.s.h.BeanNameUrlHandlerMapping      : Rejected bean name 'org.springframework.boot.autoconfigure.jdbc.DataSourceAutoConfiguration': no URL paths identified
2019-08-29 19:09:54.184 DEBUG 14980 --- [main] o.s.w.s.h.BeanNameUrlHandlerMapping      : Rejected bean name 'spring.datasource-org.springframework.boot.autoconfigure.jdbc.DataSourceProperties': no URL paths identified
2019-08-29 19:09:54.184 DEBUG 14980 --- [main] o.s.w.s.h.BeanNameUrlHandlerMapping      : Rejected bean name 'org.mybatis.spring.boot.autoconfigure.MybatisLanguageDriverAutoConfiguration': no URL paths identified
2019-08-29 19:09:54.184 DEBUG 14980 --- [main] o.s.w.s.h.BeanNameUrlHandlerMapping      : Rejected bean name 'org.mybatis.spring.boot.autoconfigure.MybatisAutoConfiguration$MapperScannerRegistrarNotFoundConfiguration': no URL paths identified
2019-08-29 19:09:54.184 DEBUG 14980 --- [main] o.s.w.s.h.BeanNameUrlHandlerMapping      : Rejected bean name 'org.mybatis.spring.mapper.MapperScannerConfigurer': no URL paths identified
2019-08-29 19:09:54.184 DEBUG 14980 --- [main] o.s.w.s.h.BeanNameUrlHandlerMapping      : Rejected bean name 'org.mybatis.spring.boot.autoconfigure.MybatisAutoConfiguration': no URL paths identified
2019-08-29 19:09:54.184 DEBUG 14980 --- [main] o.s.w.s.h.BeanNameUrlHandlerMapping      : Rejected bean name 'sqlSessionFactory': no URL paths identified
2019-08-29 19:09:54.184 DEBUG 14980 --- [main] o.s.w.s.h.BeanNameUrlHandlerMapping      : Rejected bean name 'sqlSessionTemplate': no URL paths identified
2019-08-29 19:09:54.184 DEBUG 14980 --- [main] o.s.w.s.h.BeanNameUrlHandlerMapping      : Rejected bean name 'mybatis-org.mybatis.spring.boot.autoconfigure.MybatisProperties': no URL paths identified
2019-08-29 19:09:54.184 DEBUG 14980 --- [main] o.s.w.s.h.BeanNameUrlHandlerMapping      : Rejected bean name 'org.springframework.boot.autoconfigure.jmx.JmxAutoConfiguration': no URL paths identified
2019-08-29 19:09:54.184 DEBUG 14980 --- [main] o.s.w.s.h.BeanNameUrlHandlerMapping      : Rejected bean name 'mbeanExporter': no URL paths identified
2019-08-29 19:09:54.184 DEBUG 14980 --- [main] o.s.w.s.h.BeanNameUrlHandlerMapping      : Rejected bean name 'objectNamingStrategy': no URL paths identified
2019-08-29 19:09:54.184 DEBUG 14980 --- [main] o.s.w.s.h.BeanNameUrlHandlerMapping      : Rejected bean name 'mbeanServer': no URL paths identified
2019-08-29 19:09:54.184 DEBUG 14980 --- [main] o.s.w.s.h.BeanNameUrlHandlerMapping      : Rejected bean name 'org.springframework.boot.autoconfigure.admin.SpringApplicationAdminJmxAutoConfiguration': no URL paths identified
2019-08-29 19:09:54.184 DEBUG 14980 --- [main] o.s.w.s.h.BeanNameUrlHandlerMapping      : Rejected bean name 'springApplicationAdminRegistrar': no URL paths identified
2019-08-29 19:09:54.184 DEBUG 14980 --- [main] o.s.w.s.h.BeanNameUrlHandlerMapping      : Rejected bean name 'org.springframework.boot.autoconfigure.context.ConfigurationPropertiesAutoConfiguration': no URL paths identified
2019-08-29 19:09:54.184 DEBUG 14980 --- [main] o.s.w.s.h.BeanNameUrlHandlerMapping      : Rejected bean name 'org.springframework.boot.autoconfigure.dao.PersistenceExceptionTranslationAutoConfiguration': no URL paths identified
2019-08-29 19:09:54.184 DEBUG 14980 --- [main] o.s.w.s.h.BeanNameUrlHandlerMapping      : Rejected bean name 'persistenceExceptionTranslationPostProcessor': no URL paths identified
2019-08-29 19:09:54.184 DEBUG 14980 --- [main] o.s.w.s.h.BeanNameUrlHandlerMapping      : Rejected bean name 'org.springframework.boot.autoconfigure.h2.H2ConsoleAutoConfiguration': no URL paths identified
2019-08-29 19:09:54.184 DEBUG 14980 --- [main] o.s.w.s.h.BeanNameUrlHandlerMapping      : Rejected bean name 'h2Console': no URL paths identified
2019-08-29 19:09:54.184 DEBUG 14980 --- [main] o.s.w.s.h.BeanNameUrlHandlerMapping      : Rejected bean name 'spring.h2.console-org.springframework.boot.autoconfigure.h2.H2ConsoleProperties': no URL paths identified
2019-08-29 19:09:54.184 DEBUG 14980 --- [main] o.s.w.s.h.BeanNameUrlHandlerMapping      : Rejected bean name 'org.springframework.boot.autoconfigure.jackson.JacksonAutoConfiguration$Jackson2ObjectMapperBuilderCustomizerConfiguration': no URL paths identified
2019-08-29 19:09:54.185 DEBUG 14980 --- [main] o.s.w.s.h.BeanNameUrlHandlerMapping      : Rejected bean name 'standardJacksonObjectMapperBuilderCustomizer': no URL paths identified
2019-08-29 19:09:54.185 DEBUG 14980 --- [main] o.s.w.s.h.BeanNameUrlHandlerMapping      : Rejected bean name 'spring.jackson-org.springframework.boot.autoconfigure.jackson.JacksonProperties': no URL paths identified
2019-08-29 19:09:54.185 DEBUG 14980 --- [main] o.s.w.s.h.BeanNameUrlHandlerMapping      : Rejected bean name 'org.springframework.boot.autoconfigure.jackson.JacksonAutoConfiguration$JacksonObjectMapperBuilderConfiguration': no URL paths identified
2019-08-29 19:09:54.185 DEBUG 14980 --- [main] o.s.w.s.h.BeanNameUrlHandlerMapping      : Rejected bean name 'jacksonObjectMapperBuilder': no URL paths identified
2019-08-29 19:09:54.185 DEBUG 14980 --- [main] o.s.w.s.h.BeanNameUrlHandlerMapping      : Rejected bean name 'org.springframework.boot.autoconfigure.jackson.JacksonAutoConfiguration$ParameterNamesModuleConfiguration': no URL paths identified
2019-08-29 19:09:54.185 DEBUG 14980 --- [main] o.s.w.s.h.BeanNameUrlHandlerMapping      : Rejected bean name 'parameterNamesModule': no URL paths identified
2019-08-29 19:09:54.185 DEBUG 14980 --- [main] o.s.w.s.h.BeanNameUrlHandlerMapping      : Rejected bean name 'org.springframework.boot.autoconfigure.jackson.JacksonAutoConfiguration$JacksonObjectMapperConfiguration': no URL paths identified
2019-08-29 19:09:54.185 DEBUG 14980 --- [main] o.s.w.s.h.BeanNameUrlHandlerMapping      : Rejected bean name 'jacksonObjectMapper': no URL paths identified
2019-08-29 19:09:54.185 DEBUG 14980 --- [main] o.s.w.s.h.BeanNameUrlHandlerMapping      : Rejected bean name 'org.springframework.boot.autoconfigure.jackson.JacksonAutoConfiguration': no URL paths identified
2019-08-29 19:09:54.185 DEBUG 14980 --- [main] o.s.w.s.h.BeanNameUrlHandlerMapping      : Rejected bean name 'jsonComponentModule': no URL paths identified
2019-08-29 19:09:54.185 DEBUG 14980 --- [main] o.s.w.s.h.BeanNameUrlHandlerMapping      : Rejected bean name 'org.springframework.boot.autoconfigure.http.HttpMessageConvertersAutoConfiguration$StringHttpMessageConverterConfiguration': no URL paths identified
2019-08-29 19:09:54.185 DEBUG 14980 --- [main] o.s.w.s.h.BeanNameUrlHandlerMapping      : Rejected bean name 'stringHttpMessageConverter': no URL paths identified
2019-08-29 19:09:54.185 DEBUG 14980 --- [main] o.s.w.s.h.BeanNameUrlHandlerMapping      : Rejected bean name 'spring.http.encoding-org.springframework.boot.autoconfigure.http.HttpEncodingProperties': no URL paths identified
2019-08-29 19:09:54.185 DEBUG 14980 --- [main] o.s.w.s.h.BeanNameUrlHandlerMapping      : Rejected bean name 'org.springframework.boot.autoconfigure.http.JacksonHttpMessageConvertersConfiguration$MappingJackson2HttpMessageConverterConfiguration': no URL paths identified
2019-08-29 19:09:54.185 DEBUG 14980 --- [main] o.s.w.s.h.BeanNameUrlHandlerMapping      : Rejected bean name 'mappingJackson2HttpMessageConverter': no URL paths identified
2019-08-29 19:09:54.185 DEBUG 14980 --- [main] o.s.w.s.h.BeanNameUrlHandlerMapping      : Rejected bean name 'org.springframework.boot.autoconfigure.http.JacksonHttpMessageConvertersConfiguration': no URL paths identified
2019-08-29 19:09:54.185 DEBUG 14980 --- [main] o.s.w.s.h.BeanNameUrlHandlerMapping      : Rejected bean name 'org.springframework.boot.autoconfigure.http.HttpMessageConvertersAutoConfiguration': no URL paths identified
2019-08-29 19:09:54.185 DEBUG 14980 --- [main] o.s.w.s.h.BeanNameUrlHandlerMapping      : Rejected bean name 'messageConverters': no URL paths identified
2019-08-29 19:09:54.185 DEBUG 14980 --- [main] o.s.w.s.h.BeanNameUrlHandlerMapping      : Rejected bean name 'org.springframework.boot.autoconfigure.http.codec.CodecsAutoConfiguration$JacksonCodecConfiguration': no URL paths identified
2019-08-29 19:09:54.185 DEBUG 14980 --- [main] o.s.w.s.h.BeanNameUrlHandlerMapping      : Rejected bean name 'jacksonCodecCustomizer': no URL paths identified
2019-08-29 19:09:54.185 DEBUG 14980 --- [main] o.s.w.s.h.BeanNameUrlHandlerMapping      : Rejected bean name 'org.springframework.boot.autoconfigure.http.codec.CodecsAutoConfiguration': no URL paths identified
2019-08-29 19:09:54.185 DEBUG 14980 --- [main] o.s.w.s.h.BeanNameUrlHandlerMapping      : Rejected bean name 'org.springframework.boot.autoconfigure.info.ProjectInfoAutoConfiguration': no URL paths identified
2019-08-29 19:09:54.185 DEBUG 14980 --- [main] o.s.w.s.h.BeanNameUrlHandlerMapping      : Rejected bean name 'spring.info-org.springframework.boot.autoconfigure.info.ProjectInfoProperties': no URL paths identified
2019-08-29 19:09:54.185 DEBUG 14980 --- [main] o.s.w.s.h.BeanNameUrlHandlerMapping      : Rejected bean name 'org.springframework.boot.autoconfigure.jdbc.JdbcTemplateAutoConfiguration$JdbcTemplateConfiguration': no URL paths identified
2019-08-29 19:09:54.185 DEBUG 14980 --- [main] o.s.w.s.h.BeanNameUrlHandlerMapping      : Rejected bean name 'jdbcTemplate': no URL paths identified
2019-08-29 19:09:54.185 DEBUG 14980 --- [main] o.s.w.s.h.BeanNameUrlHandlerMapping      : Rejected bean name 'org.springframework.boot.autoconfigure.jdbc.JdbcTemplateAutoConfiguration$NamedParameterJdbcTemplateConfiguration': no URL paths identified
2019-08-29 19:09:54.185 DEBUG 14980 --- [main] o.s.w.s.h.BeanNameUrlHandlerMapping      : Rejected bean name 'namedParameterJdbcTemplate': no URL paths identified
2019-08-29 19:09:54.185 DEBUG 14980 --- [main] o.s.w.s.h.BeanNameUrlHandlerMapping      : Rejected bean name 'org.springframework.boot.autoconfigure.jdbc.JdbcTemplateAutoConfiguration': no URL paths identified
2019-08-29 19:09:54.185 DEBUG 14980 --- [main] o.s.w.s.h.BeanNameUrlHandlerMapping      : Rejected bean name 'spring.jdbc-org.springframework.boot.autoconfigure.jdbc.JdbcProperties': no URL paths identified
2019-08-29 19:09:54.186 DEBUG 14980 --- [main] o.s.w.s.h.BeanNameUrlHandlerMapping      : Rejected bean name 'org.springframework.boot.autoconfigure.security.reactive.ReactiveSecurityAutoConfiguration': no URL paths identified
2019-08-29 19:09:54.186 DEBUG 14980 --- [main] o.s.w.s.h.BeanNameUrlHandlerMapping      : Rejected bean name 'spring.security-org.springframework.boot.autoconfigure.security.SecurityProperties': no URL paths identified
2019-08-29 19:09:54.186 DEBUG 14980 --- [main] o.s.w.s.h.BeanNameUrlHandlerMapping      : Rejected bean name 'org.springframework.boot.autoconfigure.jdbc.DataSourceTransactionManagerAutoConfiguration$DataSourceTransactionManagerConfiguration': no URL paths identified
2019-08-29 19:09:54.186 DEBUG 14980 --- [main] o.s.w.s.h.BeanNameUrlHandlerMapping      : Rejected bean name 'transactionManager': no URL paths identified
2019-08-29 19:09:54.186 DEBUG 14980 --- [main] o.s.w.s.h.BeanNameUrlHandlerMapping      : Rejected bean name 'org.springframework.boot.autoconfigure.jdbc.DataSourceTransactionManagerAutoConfiguration': no URL paths identified
2019-08-29 19:09:54.186 DEBUG 14980 --- [main] o.s.w.s.h.BeanNameUrlHandlerMapping      : Rejected bean name 'org.springframework.transaction.annotation.ProxyTransactionManagementConfiguration': no URL paths identified
2019-08-29 19:09:54.186 DEBUG 14980 --- [main] o.s.w.s.h.BeanNameUrlHandlerMapping      : Rejected bean name 'org.springframework.transaction.config.internalTransactionAdvisor': no URL paths identified
2019-08-29 19:09:54.186 DEBUG 14980 --- [main] o.s.w.s.h.BeanNameUrlHandlerMapping      : Rejected bean name 'transactionAttributeSource': no URL paths identified
2019-08-29 19:09:54.186 DEBUG 14980 --- [main] o.s.w.s.h.BeanNameUrlHandlerMapping      : Rejected bean name 'transactionInterceptor': no URL paths identified
2019-08-29 19:09:54.186 DEBUG 14980 --- [main] o.s.w.s.h.BeanNameUrlHandlerMapping      : Rejected bean name 'org.springframework.transaction.config.internalTransactionalEventListenerFactory': no URL paths identified
2019-08-29 19:09:54.186 DEBUG 14980 --- [main] o.s.w.s.h.BeanNameUrlHandlerMapping      : Rejected bean name 'org.springframework.boot.autoconfigure.transaction.TransactionAutoConfiguration$EnableTransactionManagementConfiguration$CglibAutoProxyConfiguration': no URL paths identified
2019-08-29 19:09:54.186 DEBUG 14980 --- [main] o.s.w.s.h.BeanNameUrlHandlerMapping      : Rejected bean name 'org.springframework.aop.config.internalAutoProxyCreator': no URL paths identified
2019-08-29 19:09:54.186 DEBUG 14980 --- [main] o.s.w.s.h.BeanNameUrlHandlerMapping      : Rejected bean name 'org.springframework.boot.autoconfigure.transaction.TransactionAutoConfiguration$EnableTransactionManagementConfiguration': no URL paths identified
2019-08-29 19:09:54.186 DEBUG 14980 --- [main] o.s.w.s.h.BeanNameUrlHandlerMapping      : Rejected bean name 'org.springframework.boot.autoconfigure.transaction.TransactionAutoConfiguration$TransactionTemplateConfiguration': no URL paths identified
2019-08-29 19:09:54.186 DEBUG 14980 --- [main] o.s.w.s.h.BeanNameUrlHandlerMapping      : Rejected bean name 'transactionTemplate': no URL paths identified
2019-08-29 19:09:54.186 DEBUG 14980 --- [main] o.s.w.s.h.BeanNameUrlHandlerMapping      : Rejected bean name 'org.springframework.boot.autoconfigure.transaction.TransactionAutoConfiguration': no URL paths identified
2019-08-29 19:09:54.186 DEBUG 14980 --- [main] o.s.w.s.h.BeanNameUrlHandlerMapping      : Rejected bean name 'platformTransactionManagerCustomizers': no URL paths identified
2019-08-29 19:09:54.186 DEBUG 14980 --- [main] o.s.w.s.h.BeanNameUrlHandlerMapping      : Rejected bean name 'spring.transaction-org.springframework.boot.autoconfigure.transaction.TransactionProperties': no URL paths identified
2019-08-29 19:09:54.186 DEBUG 14980 --- [main] o.s.w.s.h.BeanNameUrlHandlerMapping      : Rejected bean name 'org.springframework.boot.autoconfigure.web.client.RestTemplateAutoConfiguration': no URL paths identified
2019-08-29 19:09:54.186 DEBUG 14980 --- [main] o.s.w.s.h.BeanNameUrlHandlerMapping      : Rejected bean name 'restTemplateBuilder': no URL paths identified
2019-08-29 19:09:54.186 DEBUG 14980 --- [main] o.s.w.s.h.BeanNameUrlHandlerMapping      : Rejected bean name 'org.springframework.boot.autoconfigure.web.embedded.EmbeddedWebServerFactoryCustomizerAutoConfiguration$TomcatWebServerFactoryCustomizerConfiguration': no URL paths identified
2019-08-29 19:09:54.186 DEBUG 14980 --- [main] o.s.w.s.h.BeanNameUrlHandlerMapping      : Rejected bean name 'tomcatWebServerFactoryCustomizer': no URL paths identified
2019-08-29 19:09:54.186 DEBUG 14980 --- [main] o.s.w.s.h.BeanNameUrlHandlerMapping      : Rejected bean name 'org.springframework.boot.autoconfigure.web.embedded.EmbeddedWebServerFactoryCustomizerAutoConfiguration': no URL paths identified
2019-08-29 19:09:54.186 DEBUG 14980 --- [main] o.s.w.s.h.BeanNameUrlHandlerMapping      : Rejected bean name 'org.springframework.boot.autoconfigure.web.servlet.HttpEncodingAutoConfiguration': no URL paths identified
2019-08-29 19:09:54.186 DEBUG 14980 --- [main] o.s.w.s.h.BeanNameUrlHandlerMapping      : Rejected bean name 'characterEncodingFilter': no URL paths identified
2019-08-29 19:09:54.187 DEBUG 14980 --- [main] o.s.w.s.h.BeanNameUrlHandlerMapping      : Rejected bean name 'localeCharsetMappingsCustomizer': no URL paths identified
2019-08-29 19:09:54.187 DEBUG 14980 --- [main] o.s.w.s.h.BeanNameUrlHandlerMapping      : Rejected bean name 'org.springframework.boot.autoconfigure.web.servlet.MultipartAutoConfiguration': no URL paths identified
2019-08-29 19:09:54.187 DEBUG 14980 --- [main] o.s.w.s.h.BeanNameUrlHandlerMapping      : Rejected bean name 'multipartConfigElement': no URL paths identified
2019-08-29 19:09:54.187 DEBUG 14980 --- [main] o.s.w.s.h.BeanNameUrlHandlerMapping      : Rejected bean name 'multipartResolver': no URL paths identified
2019-08-29 19:09:54.187 DEBUG 14980 --- [main] o.s.w.s.h.BeanNameUrlHandlerMapping      : Rejected bean name 'spring.servlet.multipart-org.springframework.boot.autoconfigure.web.servlet.MultipartProperties': no URL paths identified
2019-08-29 19:09:54.187 DEBUG 14980 --- [main] o.s.w.s.h.BeanNameUrlHandlerMapping      : Rejected bean name 'autoConfigurationReport': no URL paths identified
2019-08-29 19:09:54.187 DEBUG 14980 --- [main] o.s.w.s.h.BeanNameUrlHandlerMapping      : Rejected bean name 'org.springframework.boot.context.ContextIdApplicationContextInitializer$ContextId': no URL paths identified
2019-08-29 19:09:54.187 DEBUG 14980 --- [main] o.s.w.s.h.BeanNameUrlHandlerMapping      : Rejected bean name 'springApplicationArguments': no URL paths identified
2019-08-29 19:09:54.187 DEBUG 14980 --- [main] o.s.w.s.h.BeanNameUrlHandlerMapping      : Rejected bean name 'springBootBanner': no URL paths identified
2019-08-29 19:09:54.187 DEBUG 14980 --- [main] o.s.w.s.h.BeanNameUrlHandlerMapping      : Rejected bean name 'springBootLoggingSystem': no URL paths identified
2019-08-29 19:09:54.187 DEBUG 14980 --- [main] o.s.w.s.h.BeanNameUrlHandlerMapping      : Rejected bean name 'environment': no URL paths identified
2019-08-29 19:09:54.187 DEBUG 14980 --- [main] o.s.w.s.h.BeanNameUrlHandlerMapping      : Rejected bean name 'systemProperties': no URL paths identified
2019-08-29 19:09:54.187 DEBUG 14980 --- [main] o.s.w.s.h.BeanNameUrlHandlerMapping      : Rejected bean name 'systemEnvironment': no URL paths identified
2019-08-29 19:09:54.187 DEBUG 14980 --- [main] o.s.w.s.h.BeanNameUrlHandlerMapping      : Rejected bean name 'org.springframework.context.annotation.ConfigurationClassPostProcessor.importRegistry': no URL paths identified
2019-08-29 19:09:54.187 DEBUG 14980 --- [main] o.s.w.s.h.BeanNameUrlHandlerMapping      : Rejected bean name 'messageSource': no URL paths identified
2019-08-29 19:09:54.187 DEBUG 14980 --- [main] o.s.w.s.h.BeanNameUrlHandlerMapping      : Rejected bean name 'applicationEventMulticaster': no URL paths identified
2019-08-29 19:09:54.187 DEBUG 14980 --- [main] o.s.w.s.h.BeanNameUrlHandlerMapping      : Rejected bean name 'servletContext': no URL paths identified
2019-08-29 19:09:54.187 DEBUG 14980 --- [main] o.s.w.s.h.BeanNameUrlHandlerMapping      : Rejected bean name 'contextParameters': no URL paths identified
2019-08-29 19:09:54.187 DEBUG 14980 --- [main] o.s.w.s.h.BeanNameUrlHandlerMapping      : Rejected bean name 'contextAttributes': no URL paths identified
2019-08-29 19:09:54.192  INFO 14980 --- [main] o.s.w.s.handler.SimpleUrlHandlerMapping  : Mapped URL path [/webjars/**] onto handler of type [class org.springframework.web.servlet.resource.ResourceHttpRequestHandler]
2019-08-29 19:09:54.192  INFO 14980 --- [main] o.s.w.s.handler.SimpleUrlHandlerMapping  : Mapped URL path [/**] onto handler of type [class org.springframework.web.servlet.resource.ResourceHttpRequestHandler]
2019-08-29 19:09:54.198 DEBUG 14980 --- [main] .m.m.a.ExceptionHandlerExceptionResolver : Looking for exception mappings: org.springframework.boot.web.servlet.context.AnnotationConfigServletWebServerApplicationContext@79e2c065: startup date [Thu Aug 29 19:09:52 CST 2019]; root of context hierarchy
2019-08-29 19:09:54.255  INFO 14980 --- [main] com.zaxxer.hikari.HikariDataSource       : HikariPool-1 - Starting...
2019-08-29 19:09:54.312  INFO 14980 --- [main] com.zaxxer.hikari.HikariDataSource       : HikariPool-1 - Start completed.
2019-08-29 19:09:54.321  INFO 14980 --- [main] o.s.jdbc.datasource.init.ScriptUtils     : Executing SQL script from URL [file:/E:/thought_git/API/Mybatis/java_persistence_practice_entity_relationship-2019-8-26-2-4-50-303/out/production/resources/schema.sql]
2019-08-29 19:09:54.328  WARN 14980 --- [main] ConfigServletWebServerApplicationContext : Exception encountered during context initialization - cancelling refresh attempt: org.springframework.beans.factory.BeanCreationException: Error creating bean with name 'dataSource' defined in class path resource [org/springframework/boot/autoconfigure/jdbc/DataSourceConfiguration$Hikari.class]: Initialization of bean failed; nested exception is org.springframework.beans.factory.BeanCreationException: Error creating bean with name 'org.springframework.boot.autoconfigure.jdbc.DataSourceInitializerInvoker': Invocation of init method failed; nested exception is org.springframework.jdbc.datasource.init.ScriptStatementFailedException: Failed to execute SQL script statement #1 of URL [file:/E:/thought_git/API/Mybatis/java_persistence_practice_entity_relationship-2019-8-26-2-4-50-303/out/production/resources/schema.sql]: CREATE TABLE employee ( employeeID VARCHAR(64) PRIMARY KEY, name VARCHAR(64) NOT NULL, age int(4) NOT NULL, companyID INTEGER FOREIGN KEY(companyID) references company(companyID) ); nested exception is org.h2.jdbc.JdbcSQLException: Syntax error in SQL statement "CREATE TABLE EMPLOYEE ( EMPLOYEEID VARCHAR(64) PRIMARY KEY, NAME VARCHAR(64) NOT NULL, AGE INT(4) NOT NULL, COMPANYID INTEGER FOREIGN[*] KEY(COMPANYID) REFERENCES COMPANY(COMPANYID) ) "; expected "(, FOR, UNSIGNED, INVISIBLE, VISIBLE, NOT, NULL, AS, DEFAULT, GENERATED, ON, NOT, NULL, AUTO_INCREMENT, BIGSERIAL, SERIAL, IDENTITY, NULL_TO_DEFAULT, SEQUENCE, SELECTIVITY, COMMENT, CONSTRAINT, PRIMARY, UNIQUE, NOT, NULL, CHECK, REFERENCES, ,, )"; SQL statement:
CREATE TABLE employee ( employeeID VARCHAR(64) PRIMARY KEY, name VARCHAR(64) NOT NULL, age int(4) NOT NULL, companyID INTEGER FOREIGN KEY(companyID) references company(companyID) ) [42001-197]
2019-08-29 19:09:54.330  INFO 14980 --- [main] o.apache.catalina.core.StandardService   : Stopping service [Tomcat]
2019-08-29 19:09:54.339  INFO 14980 --- [main] ConditionEvaluationReportLoggingListener : 

Error starting ApplicationContext. To display the conditions report re-run your application with 'debug' enabled.
2019-08-29 19:09:54.345 ERROR 14980 --- [main] o.s.boot.SpringApplication               : Application run failed

org.springframework.beans.factory.BeanCreationException: Error creating bean with name 'dataSource' defined in class path resource [org/springframework/boot/autoconfigure/jdbc/DataSourceConfiguration$Hikari.class]: Initialization of bean failed; nested exception is org.springframework.beans.factory.BeanCreationException: Error creating bean with name 'org.springframework.boot.autoconfigure.jdbc.DataSourceInitializerInvoker': Invocation of init method failed; nested exception is org.springframework.jdbc.datasource.init.ScriptStatementFailedException: Failed to execute SQL script statement #1 of URL [file:/E:/thought_git/API/Mybatis/java_persistence_practice_entity_relationship-2019-8-26-2-4-50-303/out/production/resources/schema.sql]: CREATE TABLE employee ( employeeID VARCHAR(64) PRIMARY KEY, name VARCHAR(64) NOT NULL, age int(4) NOT NULL, companyID INTEGER FOREIGN KEY(companyID) references company(companyID) ); nested exception is org.h2.jdbc.JdbcSQLException: Syntax error in SQL statement "CREATE TABLE EMPLOYEE ( EMPLOYEEID VARCHAR(64) PRIMARY KEY, NAME VARCHAR(64) NOT NULL, AGE INT(4) NOT NULL, COMPANYID INTEGER FOREIGN[*] KEY(COMPANYID) REFERENCES COMPANY(COMPANYID) ) "; expected "(, FOR, UNSIGNED, INVISIBLE, VISIBLE, NOT, NULL, AS, DEFAULT, GENERATED, ON, NOT, NULL, AUTO_INCREMENT, BIGSERIAL, SERIAL, IDENTITY, NULL_TO_DEFAULT, SEQUENCE, SELECTIVITY, COMMENT, CONSTRAINT, PRIMARY, UNIQUE, NOT, NULL, CHECK, REFERENCES, ,, )"; SQL statement:
CREATE TABLE employee ( employeeID VARCHAR(64) PRIMARY KEY, name VARCHAR(64) NOT NULL, age int(4) NOT NULL, companyID INTEGER FOREIGN KEY(companyID) references company(companyID) ) [42001-197]
	at org.springframework.beans.factory.support.AbstractAutowireCapableBeanFactory.doCreateBean(AbstractAutowireCapableBeanFactory.java:589) ~[spring-beans-5.0.7.RELEASE.jar:5.0.7.RELEASE]
	at org.springframework.beans.factory.support.AbstractAutowireCapableBeanFactory.createBean(AbstractAutowireCapableBeanFactory.java:503) ~[spring-beans-5.0.7.RELEASE.jar:5.0.7.RELEASE]
	at org.springframework.beans.factory.support.AbstractBeanFactory.lambda$doGetBean$0(AbstractBeanFactory.java:317) ~[spring-beans-5.0.7.RELEASE.jar:5.0.7.RELEASE]
	at org.springframework.beans.factory.support.DefaultSingletonBeanRegistry.getSingleton(DefaultSingletonBeanRegistry.java:222) ~[spring-beans-5.0.7.RELEASE.jar:5.0.7.RELEASE]
	at org.springframework.beans.factory.support.AbstractBeanFactory.doGetBean(AbstractBeanFactory.java:315) ~[spring-beans-5.0.7.RELEASE.jar:5.0.7.RELEASE]
	at org.springframework.beans.factory.support.AbstractBeanFactory.getBean(AbstractBeanFactory.java:199) ~[spring-beans-5.0.7.RELEASE.jar:5.0.7.RELEASE]
	at org.springframework.beans.factory.support.DefaultListableBeanFactory.preInstantiateSingletons(DefaultListableBeanFactory.java:760) ~[spring-beans-5.0.7.RELEASE.jar:5.0.7.RELEASE]
	at org.springframework.context.support.AbstractApplicationContext.finishBeanFactoryInitialization(AbstractApplicationContext.java:869) ~[spring-context-5.0.7.RELEASE.jar:5.0.7.RELEASE]
	at org.springframework.context.support.AbstractApplicationContext.refresh(AbstractApplicationContext.java:550) ~[spring-context-5.0.7.RELEASE.jar:5.0.7.RELEASE]
	at org.springframework.boot.web.servlet.context.ServletWebServerApplicationContext.refresh(ServletWebServerApplicationContext.java:140) ~[spring-boot-2.0.3.RELEASE.jar:2.0.3.RELEASE]
	at org.springframework.boot.SpringApplication.refresh(SpringApplication.java:759) [spring-boot-2.0.3.RELEASE.jar:2.0.3.RELEASE]
	at org.springframework.boot.SpringApplication.refreshContext(SpringApplication.java:395) [spring-boot-2.0.3.RELEASE.jar:2.0.3.RELEASE]
	at org.springframework.boot.SpringApplication.run(SpringApplication.java:327) [spring-boot-2.0.3.RELEASE.jar:2.0.3.RELEASE]
	at org.springframework.boot.SpringApplication.run(SpringApplication.java:1255) [spring-boot-2.0.3.RELEASE.jar:2.0.3.RELEASE]
	at org.springframework.boot.SpringApplication.run(SpringApplication.java:1243) [spring-boot-2.0.3.RELEASE.jar:2.0.3.RELEASE]
	at tws.Application.main(Application.java:9) [classes/:na]
Caused by: org.springframework.beans.factory.BeanCreationException: Error creating bean with name 'org.springframework.boot.autoconfigure.jdbc.DataSourceInitializerInvoker': Invocation of init method failed; nested exception is org.springframework.jdbc.datasource.init.ScriptStatementFailedException: Failed to execute SQL script statement #1 of URL [file:/E:/thought_git/API/Mybatis/java_persistence_practice_entity_relationship-2019-8-26-2-4-50-303/out/production/resources/schema.sql]: CREATE TABLE employee ( employeeID VARCHAR(64) PRIMARY KEY, name VARCHAR(64) NOT NULL, age int(4) NOT NULL, companyID INTEGER FOREIGN KEY(companyID) references company(companyID) ); nested exception is org.h2.jdbc.JdbcSQLException: Syntax error in SQL statement "CREATE TABLE EMPLOYEE ( EMPLOYEEID VARCHAR(64) PRIMARY KEY, NAME VARCHAR(64) NOT NULL, AGE INT(4) NOT NULL, COMPANYID INTEGER FOREIGN[*] KEY(COMPANYID) REFERENCES COMPANY(COMPANYID) ) "; expected "(, FOR, UNSIGNED, INVISIBLE, VISIBLE, NOT, NULL, AS, DEFAULT, GENERATED, ON, NOT, NULL, AUTO_INCREMENT, BIGSERIAL, SERIAL, IDENTITY, NULL_TO_DEFAULT, SEQUENCE, SELECTIVITY, COMMENT, CONSTRAINT, PRIMARY, UNIQUE, NOT, NULL, CHECK, REFERENCES, ,, )"; SQL statement:
CREATE TABLE employee ( employeeID VARCHAR(64) PRIMARY KEY, name VARCHAR(64) NOT NULL, age int(4) NOT NULL, companyID INTEGER FOREIGN KEY(companyID) references company(companyID) ) [42001-197]
	at org.springframework.beans.factory.support.AbstractAutowireCapableBeanFactory.initializeBean(AbstractAutowireCapableBeanFactory.java:1708) ~[spring-beans-5.0.7.RELEASE.jar:5.0.7.RELEASE]
	at org.springframework.beans.factory.support.AbstractAutowireCapableBeanFactory.doCreateBean(AbstractAutowireCapableBeanFactory.java:581) ~[spring-beans-5.0.7.RELEASE.jar:5.0.7.RELEASE]
	at org.springframework.beans.factory.support.AbstractAutowireCapableBeanFactory.createBean(AbstractAutowireCapableBeanFactory.java:503) ~[spring-beans-5.0.7.RELEASE.jar:5.0.7.RELEASE]
	at org.springframework.beans.factory.support.AbstractBeanFactory.lambda$doGetBean$0(AbstractBeanFactory.java:317) ~[spring-beans-5.0.7.RELEASE.jar:5.0.7.RELEASE]
	at org.springframework.beans.factory.support.DefaultSingletonBeanRegistry.getSingleton(DefaultSingletonBeanRegistry.java:222) ~[spring-beans-5.0.7.RELEASE.jar:5.0.7.RELEASE]
	at org.springframework.beans.factory.support.AbstractBeanFactory.doGetBean(AbstractBeanFactory.java:315) ~[spring-beans-5.0.7.RELEASE.jar:5.0.7.RELEASE]
	at org.springframework.beans.factory.support.AbstractBeanFactory.getBean(AbstractBeanFactory.java:224) ~[spring-beans-5.0.7.RELEASE.jar:5.0.7.RELEASE]
	at org.springframework.beans.factory.support.DefaultListableBeanFactory.resolveNamedBean(DefaultListableBeanFactory.java:1015) ~[spring-beans-5.0.7.RELEASE.jar:5.0.7.RELEASE]
	at org.springframework.beans.factory.support.DefaultListableBeanFactory.getBean(DefaultListableBeanFactory.java:339) ~[spring-beans-5.0.7.RELEASE.jar:5.0.7.RELEASE]
	at org.springframework.beans.factory.support.DefaultListableBeanFactory.getBean(DefaultListableBeanFactory.java:334) ~[spring-beans-5.0.7.RELEASE.jar:5.0.7.RELEASE]
	at org.springframework.boot.autoconfigure.jdbc.DataSourceInitializerPostProcessor.postProcessAfterInitialization(DataSourceInitializerPostProcessor.java:55) ~[spring-boot-autoconfigure-2.0.3.RELEASE.jar:2.0.3.RELEASE]
	at org.springframework.beans.factory.support.AbstractAutowireCapableBeanFactory.applyBeanPostProcessorsAfterInitialization(AbstractAutowireCapableBeanFactory.java:439) ~[spring-beans-5.0.7.RELEASE.jar:5.0.7.RELEASE]
	at org.springframework.beans.factory.support.AbstractAutowireCapableBeanFactory.initializeBean(AbstractAutowireCapableBeanFactory.java:1712) ~[spring-beans-5.0.7.RELEASE.jar:5.0.7.RELEASE]
	at org.springframework.beans.factory.support.AbstractAutowireCapableBeanFactory.doCreateBean(AbstractAutowireCapableBeanFactory.java:581) ~[spring-beans-5.0.7.RELEASE.jar:5.0.7.RELEASE]
	... 15 common frames omitted
Caused by: org.springframework.jdbc.datasource.init.ScriptStatementFailedException: Failed to execute SQL script statement #1 of URL [file:/E:/thought_git/API/Mybatis/java_persistence_practice_entity_relationship-2019-8-26-2-4-50-303/out/production/resources/schema.sql]: CREATE TABLE employee ( employeeID VARCHAR(64) PRIMARY KEY, name VARCHAR(64) NOT NULL, age int(4) NOT NULL, companyID INTEGER FOREIGN KEY(companyID) references company(companyID) ); nested exception is org.h2.jdbc.JdbcSQLException: Syntax error in SQL statement "CREATE TABLE EMPLOYEE ( EMPLOYEEID VARCHAR(64) PRIMARY KEY, NAME VARCHAR(64) NOT NULL, AGE INT(4) NOT NULL, COMPANYID INTEGER FOREIGN[*] KEY(COMPANYID) REFERENCES COMPANY(COMPANYID) ) "; expected "(, FOR, UNSIGNED, INVISIBLE, VISIBLE, NOT, NULL, AS, DEFAULT, GENERATED, ON, NOT, NULL, AUTO_INCREMENT, BIGSERIAL, SERIAL, IDENTITY, NULL_TO_DEFAULT, SEQUENCE, SELECTIVITY, COMMENT, CONSTRAINT, PRIMARY, UNIQUE, NOT, NULL, CHECK, REFERENCES, ,, )"; SQL statement:
CREATE TABLE employee ( employeeID VARCHAR(64) PRIMARY KEY, name VARCHAR(64) NOT NULL, age int(4) NOT NULL, companyID INTEGER FOREIGN KEY(companyID) references company(companyID) ) [42001-197]
	at org.springframework.jdbc.datasource.init.ScriptUtils.executeSqlScript(ScriptUtils.java:494) ~[spring-jdbc-5.0.7.RELEASE.jar:5.0.7.RELEASE]
	at org.springframework.jdbc.datasource.init.ResourceDatabasePopulator.populate(ResourceDatabasePopulator.java:240) ~[spring-jdbc-5.0.7.RELEASE.jar:5.0.7.RELEASE]
	at org.springframework.jdbc.datasource.init.DatabasePopulatorUtils.execute(DatabasePopulatorUtils.java:48) ~[spring-jdbc-5.0.7.RELEASE.jar:5.0.7.RELEASE]
	at org.springframework.boot.autoconfigure.jdbc.DataSourceInitializer.runScripts(DataSourceInitializer.java:210) ~[spring-boot-autoconfigure-2.0.3.RELEASE.jar:2.0.3.RELEASE]
	at org.springframework.boot.autoconfigure.jdbc.DataSourceInitializer.createSchema(DataSourceInitializer.java:104) ~[spring-boot-autoconfigure-2.0.3.RELEASE.jar:2.0.3.RELEASE]
	at org.springframework.boot.autoconfigure.jdbc.DataSourceInitializerInvoker.afterPropertiesSet(DataSourceInitializerInvoker.java:64) ~[spring-boot-autoconfigure-2.0.3.RELEASE.jar:2.0.3.RELEASE]
	at org.springframework.beans.factory.support.AbstractAutowireCapableBeanFactory.invokeInitMethods(AbstractAutowireCapableBeanFactory.java:1767) ~[spring-beans-5.0.7.RELEASE.jar:5.0.7.RELEASE]
	at org.springframework.beans.factory.support.AbstractAutowireCapableBeanFactory.initializeBean(AbstractAutowireCapableBeanFactory.java:1704) ~[spring-beans-5.0.7.RELEASE.jar:5.0.7.RELEASE]
	... 28 common frames omitted
Caused by: org.h2.jdbc.JdbcSQLException: Syntax error in SQL statement "CREATE TABLE EMPLOYEE ( EMPLOYEEID VARCHAR(64) PRIMARY KEY, NAME VARCHAR(64) NOT NULL, AGE INT(4) NOT NULL, COMPANYID INTEGER FOREIGN[*] KEY(COMPANYID) REFERENCES COMPANY(COMPANYID) ) "; expected "(, FOR, UNSIGNED, INVISIBLE, VISIBLE, NOT, NULL, AS, DEFAULT, GENERATED, ON, NOT, NULL, AUTO_INCREMENT, BIGSERIAL, SERIAL, IDENTITY, NULL_TO_DEFAULT, SEQUENCE, SELECTIVITY, COMMENT, CONSTRAINT, PRIMARY, UNIQUE, NOT, NULL, CHECK, REFERENCES, ,, )"; SQL statement:
CREATE TABLE employee ( employeeID VARCHAR(64) PRIMARY KEY, name VARCHAR(64) NOT NULL, age int(4) NOT NULL, companyID INTEGER FOREIGN KEY(companyID) references company(companyID) ) [42001-197]
	at org.h2.message.DbException.getJdbcSQLException(DbException.java:357) ~[h2-1.4.197.jar:1.4.197]
	at org.h2.message.DbException.getSyntaxError(DbException.java:217) ~[h2-1.4.197.jar:1.4.197]
	at org.h2.command.Parser.getSyntaxError(Parser.java:555) ~[h2-1.4.197.jar:1.4.197]
	at org.h2.command.Parser.read(Parser.java:3518) ~[h2-1.4.197.jar:1.4.197]
	at org.h2.command.Parser.readIfMore(Parser.java:950) ~[h2-1.4.197.jar:1.4.197]
	at org.h2.command.Parser.parseCreateTable(Parser.java:6571) ~[h2-1.4.197.jar:1.4.197]
	at org.h2.command.Parser.parseCreate(Parser.java:4615) ~[h2-1.4.197.jar:1.4.197]
	at org.h2.command.Parser.parsePrepared(Parser.java:380) ~[h2-1.4.197.jar:1.4.197]
	at org.h2.command.Parser.parse(Parser.java:335) ~[h2-1.4.197.jar:1.4.197]
	at org.h2.command.Parser.parse(Parser.java:311) ~[h2-1.4.197.jar:1.4.197]
	at org.h2.command.Parser.prepareCommand(Parser.java:278) ~[h2-1.4.197.jar:1.4.197]
	at org.h2.engine.Session.prepareLocal(Session.java:611) ~[h2-1.4.197.jar:1.4.197]
	at org.h2.engine.Session.prepareCommand(Session.java:549) ~[h2-1.4.197.jar:1.4.197]
	at org.h2.jdbc.JdbcConnection.prepareCommand(JdbcConnection.java:1247) ~[h2-1.4.197.jar:1.4.197]
	at org.h2.jdbc.JdbcStatement.executeInternal(JdbcStatement.java:217) ~[h2-1.4.197.jar:1.4.197]
	at org.h2.jdbc.JdbcStatement.execute(JdbcStatement.java:205) ~[h2-1.4.197.jar:1.4.197]
	at com.zaxxer.hikari.pool.ProxyStatement.execute(ProxyStatement.java:95) ~[HikariCP-2.7.9.jar:na]
	at com.zaxxer.hikari.pool.HikariProxyStatement.execute(HikariProxyStatement.java) ~[HikariCP-2.7.9.jar:na]
	at org.springframework.jdbc.datasource.init.ScriptUtils.executeSqlScript(ScriptUtils.java:473) ~[spring-jdbc-5.0.7.RELEASE.jar:5.0.7.RELEASE]
	... 35 common frames omitted

